<?xml version="1.0" encoding="UTF-8"?>
<testng-results skipped="0" failed="0" ignored="0" total="1" passed="1">
  <reporter-output>
  </reporter-output>
  <suite name="Default suite" duration-ms="30830" started-at="2020-01-15T06:19:59Z" finished-at="2020-01-15T06:20:30Z">
    <groups>
    </groups>
    <test name="Default test" duration-ms="30830" started-at="2020-01-15T06:19:59Z" finished-at="2020-01-15T06:20:30Z">
      <class name="com.logigear.training.test.TC14_BookMutileTicket">
        <test-method status="PASS" signature="beforeClass()[pri:0, instance:com.logigear.training.test.TC14_BookMutileTicket@1bce4f0a]" name="beforeClass" is-config="true" duration-ms="10044" started-at="2020-01-15T06:19:59Z" finished-at="2020-01-15T06:20:09Z">
          <reporter-output>
          </reporter-output>
        </test-method> <!-- beforeClass -->
        <test-method status="PASS" signature="beforeMethod()[pri:0, instance:com.logigear.training.test.TC14_BookMutileTicket@1bce4f0a]" name="beforeMethod" is-config="true" duration-ms="4072" started-at="2020-01-15T06:20:09Z" finished-at="2020-01-15T06:20:13Z">
          <reporter-output>
          </reporter-output>
        </test-method> <!-- beforeMethod -->
        <test-method status="PASS" signature="TC14()[pri:0, instance:com.logigear.training.test.TC14_BookMutileTicket@1bce4f0a]" name="TC14" duration-ms="16042" started-at="2020-01-15T06:20:13Z" finished-at="2020-01-15T06:20:29Z">
          <reporter-output>
          </reporter-output>
        </test-method> <!-- TC14 -->
        <test-method status="PASS" signature="afterClass()[pri:0, instance:com.logigear.training.test.TC14_BookMutileTicket@1bce4f0a]" name="afterClass" is-config="true" duration-ms="652" started-at="2020-01-15T06:20:29Z" finished-at="2020-01-15T06:20:30Z">
          <reporter-output>
          </reporter-output>
        </test-method> <!-- afterClass -->
      </class> <!-- com.logigear.training.test.TC14_BookMutileTicket -->
    </test> <!-- Default test -->
  </suite> <!-- Default suite -->
</testng-results>
