<?xml version="1.0" encoding="UTF-8"?>
<testng-results skipped="0" failed="1" ignored="0" total="1" passed="0">
  <reporter-output>
  </reporter-output>
  <suite name="Default suite" duration-ms="27834" started-at="2020-01-15T01:39:54Z" finished-at="2020-01-15T01:40:22Z">
    <groups>
    </groups>
    <test name="Default test" duration-ms="27834" started-at="2020-01-15T01:39:54Z" finished-at="2020-01-15T01:40:22Z">
      <class name="com.logigear.training.test.TC10_CreateAccountWithUsedEmail">
        <test-method status="PASS" signature="beforeClass()[pri:0, instance:com.logigear.training.test.TC10_CreateAccountWithUsedEmail@1bce4f0a]" name="beforeClass" is-config="true" duration-ms="10171" started-at="2020-01-15T01:39:54Z" finished-at="2020-01-15T01:40:05Z">
          <reporter-output>
          </reporter-output>
        </test-method> <!-- beforeClass -->
        <test-method status="PASS" signature="beforeMethod()[pri:0, instance:com.logigear.training.test.TC10_CreateAccountWithUsedEmail@1bce4f0a]" name="beforeMethod" is-config="true" duration-ms="1941" started-at="2020-01-15T01:40:05Z" finished-at="2020-01-15T01:40:06Z">
          <reporter-output>
          </reporter-output>
        </test-method> <!-- beforeMethod -->
        <test-method status="FAIL" signature="TC10()[pri:0, instance:com.logigear.training.test.TC10_CreateAccountWithUsedEmail@1bce4f0a]" name="TC10" duration-ms="15004" started-at="2020-01-15T01:40:06Z" finished-at="2020-01-15T01:40:21Z">
          <exception class="org.openqa.selenium.NoSuchElementException">
            <message>
              <![CDATA[no such element: Unable to locate element: {"method":"css selector","selector":"#inboxpane .table-responsive tbody tr td a"}
  (Session info: chrome=79.0.3945.117)
For documentation on this error, please visit: https://www.seleniumhq.org/exceptions/no_such_element.html
Build info: version: '3.141.59', revision: 'e82be7d358', time: '2018-11-14T08:17:03'
System info: host: 'LGDN18-1209-W10', ip: '192.168.190.234', os.name: 'Windows 10', os.arch: 'amd64', os.version: '10.0', java.version: '1.8.0_231'
Driver info: org.openqa.selenium.chrome.ChromeDriver
Capabilities {acceptInsecureCerts: false, browserName: chrome, browserVersion: 79.0.3945.117, chrome: {chromedriverVersion: 79.0.3945.36 (3582db32b3389..., userDataDir: C:\Users\DAOHON~1.NGU\AppDa...}, goog:chromeOptions: {debuggerAddress: localhost:64752}, javascriptEnabled: true, networkConnectionEnabled: false, pageLoadStrategy: normal, platform: WINDOWS, platformName: WINDOWS, proxy: Proxy(), setWindowRect: true, strictFileInteractability: false, timeouts: {implicit: 0, pageLoad: 300000, script: 30000}, unhandledPromptBehavior: dismiss and notify}
Session ID: 324f5acd314e0438729cba93823060a3
*** Element info: {Using=css selector, value=#inboxpane .table-responsive tbody tr td a}]]>
            </message>
            <full-stacktrace>
              <![CDATA[org.openqa.selenium.NoSuchElementException: no such element: Unable to locate element: {"method":"css selector","selector":"#inboxpane .table-responsive tbody tr td a"}
  (Session info: chrome=79.0.3945.117)
For documentation on this error, please visit: https://www.seleniumhq.org/exceptions/no_such_element.html
Build info: version: '3.141.59', revision: 'e82be7d358', time: '2018-11-14T08:17:03'
System info: host: 'LGDN18-1209-W10', ip: '192.168.190.234', os.name: 'Windows 10', os.arch: 'amd64', os.version: '10.0', java.version: '1.8.0_231'
Driver info: org.openqa.selenium.chrome.ChromeDriver
Capabilities {acceptInsecureCerts: false, browserName: chrome, browserVersion: 79.0.3945.117, chrome: {chromedriverVersion: 79.0.3945.36 (3582db32b3389..., userDataDir: C:\Users\DAOHON~1.NGU\AppDa...}, goog:chromeOptions: {debuggerAddress: localhost:64752}, javascriptEnabled: true, networkConnectionEnabled: false, pageLoadStrategy: normal, platform: WINDOWS, platformName: WINDOWS, proxy: Proxy(), setWindowRect: true, strictFileInteractability: false, timeouts: {implicit: 0, pageLoad: 300000, script: 30000}, unhandledPromptBehavior: dismiss and notify}
Session ID: 324f5acd314e0438729cba93823060a3
*** Element info: {Using=css selector, value=#inboxpane .table-responsive tbody tr td a}
at sun.reflect.NativeConstructorAccessorImpl.newInstance0(Native Method)
at sun.reflect.NativeConstructorAccessorImpl.newInstance(Unknown Source)
at sun.reflect.DelegatingConstructorAccessorImpl.newInstance(Unknown Source)
at java.lang.reflect.Constructor.newInstance(Unknown Source)
at org.openqa.selenium.remote.http.W3CHttpResponseCodec.createException(W3CHttpResponseCodec.java:187)
at org.openqa.selenium.remote.http.W3CHttpResponseCodec.decode(W3CHttpResponseCodec.java:122)
at org.openqa.selenium.remote.http.W3CHttpResponseCodec.decode(W3CHttpResponseCodec.java:49)
at org.openqa.selenium.remote.HttpCommandExecutor.execute(HttpCommandExecutor.java:158)
at org.openqa.selenium.remote.service.DriverCommandExecutor.execute(DriverCommandExecutor.java:83)
at org.openqa.selenium.remote.RemoteWebDriver.execute(RemoteWebDriver.java:552)
at org.openqa.selenium.remote.RemoteWebDriver.findElement(RemoteWebDriver.java:323)
at org.openqa.selenium.remote.RemoteWebDriver.findElementByCssSelector(RemoteWebDriver.java:420)
at org.openqa.selenium.By$ByCssSelector.findElement(By.java:431)
at org.openqa.selenium.remote.RemoteWebDriver.findElement(RemoteWebDriver.java:315)
at com.logigear.training.common.ElementHelper.getRuntimeElement(ElementHelper.java:22)
at com.logigear.training.common.ElementHelper.waitForVisibility(ElementHelper.java:64)
at com.logigear.training.page.Mailinator.clickLatestEmail(Mailinator.java:28)
at com.logigear.training.page.RegisterPage.activateAccount(RegisterPage.java:88)
at com.logigear.training.test.TC10_CreateAccountWithUsedEmail.TC10(TC10_CreateAccountWithUsedEmail.java:18)
at sun.reflect.NativeMethodAccessorImpl.invoke0(Native Method)
at sun.reflect.NativeMethodAccessorImpl.invoke(Unknown Source)
at sun.reflect.DelegatingMethodAccessorImpl.invoke(Unknown Source)
at java.lang.reflect.Method.invoke(Unknown Source)
at org.testng.internal.MethodInvocationHelper.invokeMethod(MethodInvocationHelper.java:124)
at org.testng.internal.Invoker.invokeMethod(Invoker.java:583)
at org.testng.internal.Invoker.invokeTestMethod(Invoker.java:719)
at org.testng.internal.Invoker.invokeTestMethods(Invoker.java:989)
at org.testng.internal.TestMethodWorker.invokeTestMethods(TestMethodWorker.java:125)
at org.testng.internal.TestMethodWorker.run(TestMethodWorker.java:109)
at org.testng.TestRunner.privateRun(TestRunner.java:648)
at org.testng.TestRunner.run(TestRunner.java:505)
at org.testng.SuiteRunner.runTest(SuiteRunner.java:455)
at org.testng.SuiteRunner.runSequentially(SuiteRunner.java:450)
at org.testng.SuiteRunner.privateRun(SuiteRunner.java:415)
at org.testng.SuiteRunner.run(SuiteRunner.java:364)
at org.testng.SuiteRunnerWorker.runSuite(SuiteRunnerWorker.java:52)
at org.testng.SuiteRunnerWorker.run(SuiteRunnerWorker.java:84)
at org.testng.TestNG.runSuitesSequentially(TestNG.java:1208)
at org.testng.TestNG.runSuitesLocally(TestNG.java:1137)
at org.testng.TestNG.runSuites(TestNG.java:1049)
at org.testng.TestNG.run(TestNG.java:1017)
at org.testng.remote.AbstractRemoteTestNG.run(AbstractRemoteTestNG.java:115)
at org.testng.remote.RemoteTestNG.initAndRun(RemoteTestNG.java:251)
at org.testng.remote.RemoteTestNG.main(RemoteTestNG.java:77)
]]>
            </full-stacktrace>
          </exception> <!-- org.openqa.selenium.NoSuchElementException -->
          <reporter-output>
          </reporter-output>
        </test-method> <!-- TC10 -->
        <test-method status="PASS" signature="afterClass()[pri:0, instance:com.logigear.training.test.TC10_CreateAccountWithUsedEmail@1bce4f0a]" name="afterClass" is-config="true" duration-ms="694" started-at="2020-01-15T01:40:21Z" finished-at="2020-01-15T01:40:22Z">
          <reporter-output>
          </reporter-output>
        </test-method> <!-- afterClass -->
      </class> <!-- com.logigear.training.test.TC10_CreateAccountWithUsedEmail -->
    </test> <!-- Default test -->
  </suite> <!-- Default suite -->
</testng-results>
